Watch Out
Watch Out
Watch Out
Watch Out
Watch Out
18/02/2026 12:12 - WARNING - Watch Out
18/02/2026 12:12:13 - WARNING - Watch Out
18/02/2026 12:12:13 - WARNING - Watch Out
18/02/2026 12:12:13 - WARNING - Watch Out
This is error
This is error
This is error
This is error
This is error
18/02/2026 12:36 - ERROR - This is error
18/02/2026 12:36:15 - ERROR - This is error
18/02/2026 12:36:15 - ERROR - This is error
18/02/2026 12:36:15 - ERROR - This is error
This is debug
This is debug
This is debug
This is debug
This is debug
18/02/2026 12:36 - DEBUG - This is debug
18/02/2026 12:36:15 - DEBUG - This is debug
18/02/2026 12:36:15 - DEBUG - This is debug
18/02/2026 12:36:15 - DEBUG - This is debug
This is info
This is info
This is info
This is info
This is info
18/02/2026 12:36 - INFO - This is info
18/02/2026 12:36:15 - INFO - This is info
18/02/2026 12:36:15 - INFO - This is info
18/02/2026 12:36:15 - INFO - This is info
This is error
This is error
This is error
This is error
This is error
18/02/2026 12:36 - ERROR - This is error
18/02/2026 12:36:45 - ERROR - This is error
18/02/2026 12:36:45 - ERROR - This is error
18/02/2026 12:36:45 - ERROR - This is error
This is debug
This is debug
This is debug
This is debug
This is debug
18/02/2026 12:36 - DEBUG - This is debug
18/02/2026 12:36:45 - DEBUG - This is debug
18/02/2026 12:36:45 - DEBUG - This is debug
18/02/2026 12:36:45 - DEBUG - This is debug
This is info
This is info
This is info
This is info
This is info
18/02/2026 12:36 - INFO - This is info
18/02/2026 12:36:45 - INFO - This is info
18/02/2026 12:36:45 - INFO - This is info
18/02/2026 12:36:45 - INFO - This is info
This is debug
This is debug
This is debug
This is debug
This is debug
18/02/2026 12:45 - DEBUG - This is debug
18/02/2026 12:45:23 - DEBUG - This is debug
18/02/2026 12:45:23 - DEBUG - This is debug
18/02/2026 12:45:23 - DEBUG - This is debug
This is error
This is error
This is error
This is error
This is error
18/02/2026 12:45 - ERROR - This is error
18/02/2026 12:45:23 - ERROR - This is error
18/02/2026 12:45:23 - ERROR - This is error
18/02/2026 12:45:23 - ERROR - This is error
This is debug
This is debug
This is debug
This is debug
This is debug
18/02/2026 12:45 - DEBUG - This is debug
18/02/2026 12:45:23 - DEBUG - This is debug
18/02/2026 12:45:23 - DEBUG - This is debug
18/02/2026 12:45:23 - DEBUG - This is debug
This is info
This is info
This is info
This is info
This is info
18/02/2026 12:45 - INFO - This is info
18/02/2026 12:45:23 - INFO - This is info
18/02/2026 12:45:23 - INFO - This is info
18/02/2026 12:45:23 - INFO - This is info
This is debug
This is debug
This is debug
This is debug
This is debug
18/02/2026 12:45 - DEBUG - This is debug
18/02/2026 12:45:55 - DEBUG - This is debug
18/02/2026 12:45:55 - DEBUG - This is debug
18/02/2026 12:45:55 - DEBUG - This is debug
This is error
This is error
This is error
This is error
This is error
18/02/2026 12:45 - ERROR - This is error
18/02/2026 12:45:55 - ERROR - This is error
18/02/2026 12:45:55 - ERROR - This is error
18/02/2026 12:45:55 - ERROR - This is error
This is debug
This is debug
This is debug
This is debug
This is debug
18/02/2026 12:45 - DEBUG - This is debug
18/02/2026 12:45:55 - DEBUG - This is debug
18/02/2026 12:45:55 - DEBUG - This is debug
18/02/2026 12:45:55 - DEBUG - This is debug
This is info
This is info
This is info
This is info
This is info
18/02/2026 12:45 - INFO - This is info
18/02/2026 12:45:55 - INFO - This is info
18/02/2026 12:45:55 - INFO - This is info
18/02/2026 12:45:55 - INFO - This is info
